2024-02-11 15:47:54 INFO  ImportGuestsActionImpl:19 - Посетители успешно импортированы!
2024-02-12 08:43:05 INFO  ImportGuestsActionImpl:19 - Посетители успешно импортированы!
2024-02-12 08:43:42 INFO  ExportGuestsActionImpl:22 - Посетители успешно экспортированы!
2024-02-12 08:44:54 INFO  ExportGuestsActionImpl:22 - Посетители успешно экспортированы!
2024-02-12 09:09:46 ERROR ChangeRoomPriceActionImpl:37 - Не удалось изменить цену номера 
java.util.IllegalFormatConversionException: d != java.lang.Double
	at java.base/java.util.Formatter$FormatSpecifier.failConversion(Formatter.java:4442)
	at java.base/java.util.Formatter$FormatSpecifier.printInteger(Formatter.java:2963)
	at java.base/java.util.Formatter$FormatSpecifier.print(Formatter.java:2918)
	at java.base/java.util.Formatter.format(Formatter.java:2689)
	at java.base/java.util.Formatter.format(Formatter.java:2625)
	at java.base/java.lang.String.format(String.java:4147)
	at action.room.ChangeRoomPriceActionImpl.execute(ChangeRoomPriceActionImpl.java:34)
	at menu.MenuItem.act(MenuItem.java:27)
	at menu.Navigator.navigate(Navigator.java:28)
	at menu.MenuController.run(MenuController.java:29)
	at test.TestMenu.main(TestMenu.java:9)
2024-02-12 09:16:55 INFO  ChangeRoomPriceActionImpl:34 - Стоимость номера с id 4, изменена на: 7777,00
2024-02-12 09:22:31 WARN  ChangeStatusActionImpl:38 - Не удалось изменить статус номера 
java.util.MissingFormatArgumentException: Format specifier '%d'
	at java.base/java.util.Formatter.format(Formatter.java:2688)
	at java.base/java.util.Formatter.format(Formatter.java:2625)
	at java.base/java.lang.String.format(String.java:4147)
	at action.room.ChangeStatusActionImpl.execute(ChangeStatusActionImpl.java:35)
	at menu.MenuItem.act(MenuItem.java:27)
	at menu.Navigator.navigate(Navigator.java:28)
	at menu.MenuController.run(MenuController.java:29)
	at test.TestMenu.main(TestMenu.java:9)
2024-02-12 09:23:26 INFO  ChangeStatusActionImpl:35 - Статус номера с id 3, изменена на: SERVICE
2024-02-12 09:28:12 INFO  ImportRoomsActionImpl:18 - Комнаты успешно импортированы!
2024-02-12 09:53:10 INFO  AddRoomActionImpl:44 - Добавлена комната, номер: 57, количество звезд: 5, цена: 4700,00, вместимость: 3, статус: EMPTY
2024-02-12 09:55:49 INFO  AddGuestActionImpl:24 - Добавлен посетитель: Adelina
2024-02-12 10:03:11 INFO  AddServiceActionImpl:30 - Добавлен сервис: BREAKFAST, цена: 570,00
2024-02-12 10:10:22 INFO  ChangeServiceOnPriceActionImpl:31 - Стоимость сервиса с id 401563, изменена на: 557,00
2024-02-12 10:10:47 INFO  ChangeServiceOnPriceActionImpl:31 - Стоимость сервиса с id 401563, изменена на: 575,00
2024-02-12 10:14:23 INFO  ChangeServiceOnPriceActionImpl:31 - Стоимость сервиса с id 187245, изменена на: 555,00
2024-02-12 10:21:24 INFO  DeleteServiceActionImpl:26 - Удален сервис с id: 418316
2024-02-12 10:24:58 INFO  ImportServicesActionImpl:19 - Услуги(Сервис) успешно импортированы!
2024-02-12 10:33:40 INFO  ImportServicesActionImpl:19 - Услуги(Сервис) успешно импортированы!
2024-02-12 10:33:50 INFO  ImportGuestsActionImpl:19 - Посетители успешно импортированы!
2024-02-12 10:34:09 INFO  AddServicesToGuestActionImpl:36 - Посетителю с id: 437147 добавлена услуга с id: 187245 
2024-02-12 10:40:28 INFO  ImportGuestsActionImpl:19 - Посетители успешно импортированы!
2024-02-12 10:40:33 INFO  ImportRoomsActionImpl:18 - Комнаты успешно импортированы!
2024-02-12 10:40:48 INFO  ImportServicesActionImpl:19 - Услуги(Сервис) успешно импортированы!
2024-02-12 10:41:09 INFO  AddServicesToGuestActionImpl:36 - Посетителю с id: 437147 добавлена услуга с id: 736713 
2024-02-12 10:41:57 INFO  CheckInActionImpl:51 - Заселение гостя с id: 437147, в номер с id: 1, дата заселения 2024-02-12, дата выселения 2024-02-17
2024-02-12 10:49:36 INFO  ImportRoomsActionImpl:18 - Комнаты успешно импортированы!
2024-02-12 10:49:43 INFO  ImportGuestsActionImpl:19 - Посетители успешно импортированы!
2024-02-12 10:50:18 INFO  CheckInActionImpl:51 - Заселение гостя с id: 170817, в номер с id: 4, дата заселения 2024-02-14, дата выселения 2024-02-22
2024-02-12 10:50:52 INFO  BillGuestActionImpl:57 - Гость с id: 170817, номер с id: 4, счет за проживание равен: 48800,00 руб.
2024-02-12 10:52:35 INFO  CheckOutActionImpl:34 - Выселение гостя c id: 170817, из номера с id: 4
2024-02-12 10:54:59 INFO  ImportGuestsActionImpl:19 - Посетители успешно импортированы!
2024-02-12 10:55:10 INFO  DeleteGuestActionImpl:25 - Удален посетитель с id: 437147 
2024-02-17 17:22:53 INFO  AddRoomActionImpl:42 - Добавлена комната, номер: 1, количество звезд: 4, цена: 4000,00, вместимость: 3, статус: EMPTY
2024-02-20 14:10:47 INFO  ImportGuestsActionImpl:18 - Посетители успешно импортированы!
2024-02-21 10:02:40 INFO  GuestsServiceImpl:48 - Гость с именем zus добавлен
2024-02-21 11:10:17 INFO  ImportGuestsActionImpl:18 - Посетители успешно импортированы!
2024-02-21 11:13:40 INFO  ImportGuestsActionImpl:18 - Посетители успешно импортированы!
2024-02-21 11:14:28 INFO  ImportRoomsActionImpl:18 - Комнаты успешно импортированы!
2024-02-21 11:14:33 INFO  ImportGuestsActionImpl:18 - Посетители успешно импортированы!
2024-02-22 08:15:53 INFO  ImportRoomsActionImpl:18 - Комнаты успешно импортированы!
2024-02-22 08:16:01 INFO  ImportGuestsActionImpl:18 - Посетители успешно импортированы!
2024-02-22 08:16:49 INFO  GuestsServiceImpl:84 - Заселение гостя с id: 437147, в номер с id: 2, дата заселения 2024-02-22, дата выселения 2024-02-25
2024-02-22 09:46:25 INFO  ImportRoomsActionImpl:18 - Комнаты успешно импортированы!
2024-02-22 09:46:31 INFO  ImportGuestsActionImpl:18 - Посетители успешно импортированы!
2024-02-22 09:47:14 INFO  GuestsServiceImpl:84 - Заселение гостя с id: 928268, в номер с id: 2, дата заселения 2024-02-25, дата выселения 2024-02-282024-02-22 09:50:52 INFO  ImportGuestsActionImpl:18 - Посетители успешно импортированы!
2024-02-22 09:51:00 INFO  ImportRoomsActionImpl:18 - Комнаты успешно импортированы!
2024-02-22 16:39:28 WARN  BillGuestActionImpl:43 - Нет такого посетителя или счета 
java.lang.NullPointerException: Cannot invoke "ru.senla.entities.Guest.getLastName()" because the return value of "ru.senla.repository.guest.IGuestsRepository.getGuestById(int)" is null
	at ru.senla.guest.GuestsServiceImpl.getLastNameGuestById(GuestsServiceImpl.java:106)
	at action.guest.BillGuestActionImpl.execute(BillGuestActionImpl.java:35)
	at menu.MenuItem.act(MenuItem.java:27)
	at menu.Navigator.navigate(Navigator.java:28)
	at menu.MenuController.run(MenuController.java:29)
	at test.TestMenu.main(TestMenu.java:9)
2024-02-22 16:42:04 WARN  BillGuestActionImpl:43 - Нет такого посетителя или счета 
java.lang.NullPointerException: Cannot invoke "ru.senla.entities.Guest.getLastName()" because the return value of "ru.senla.repository.guest.IGuestsRepository.getGuestById(int)" is null
	at ru.senla.guest.GuestsServiceImpl.getLastNameGuestById(GuestsServiceImpl.java:106)
	at action.guest.BillGuestActionImpl.execute(BillGuestActionImpl.java:35)
	at menu.MenuItem.act(MenuItem.java:27)
	at menu.Navigator.navigate(Navigator.java:28)
	at menu.MenuController.run(MenuController.java:29)
	at test.TestMenu.main(TestMenu.java:9)
2024-02-23 16:27:15 INFO  ImportGuestsActionImpl:18 - Посетители успешно импортированы!
2024-02-23 16:28:40 INFO  ImportGuestsActionImpl:18 - Посетители успешно импортированы!
2024-02-23 16:29:00 INFO  GuestsServiceImpl:114 - Удален посетитель с id: 437147 
2024-02-23 16:31:42 INFO  ImportServicesActionImpl:19 - Услуги(Сервис) успешно импортированы!
2024-02-23 16:31:48 INFO  ImportGuestsActionImpl:18 - Посетители успешно импортированы!
2024-02-23 16:33:05 INFO  ImportServicesActionImpl:19 - Услуги(Сервис) успешно импортированы!
2024-02-23 16:33:12 INFO  ImportGuestsActionImpl:18 - Посетители успешно импортированы!
2024-02-23 16:33:31 INFO  GuestsServiceImpl:46 - Посетителю с id: 437147 добавлена услуга с id: 418316 
2024-02-23 16:46:28 INFO  GuestsServiceImpl:124 - Посетители не экспортированы!
2024-02-23 16:46:57 INFO  GuestsServiceImpl:56 - Гость с именем Artem добавлен
2024-02-23 16:47:02 INFO  GuestsServiceImpl:56 - Гость с именем Victor добавлен
2024-02-23 16:47:09 INFO  GuestsServiceImpl:56 - Гость с именем Sergey добавлен
2024-02-23 16:47:14 INFO  GuestsServiceImpl:56 - Гость с именем Aleksey добавлен
2024-02-23 16:47:29 INFO  GuestsServiceImpl:56 - Гость с именем Ilya добавлен
2024-02-23 16:47:34 INFO  GuestsServiceImpl:128 - Посетители успешно экспортированы!
2024-02-23 17:17:59 INFO  GuestsServiceImpl:138 - Посетители успешно импортированы!
2024-02-25 11:11:15 INFO  GuestsServiceImpl:137 - Посетители успешно импортированы!
2024-02-25 11:11:32 INFO  ImportServicesActionImpl:19 - Услуги(Сервис) успешно импортированы!
2024-02-25 11:12:11 INFO  GuestsServiceImpl:47 - Посетителю с id: 107744 добавлена услуга с id: 735993 
2024-02-25 11:12:36 INFO  GuestsServiceImpl:47 - Посетителю с id: 107744 добавлена услуга с id: 646999 
2024-02-25 11:55:28 INFO  ImportServicesActionImpl:19 - Услуги(Сервис) успешно импортированы!
2024-02-25 11:59:07 INFO  GuestsServiceImpl:137 - Посетители успешно импортированы!
2024-02-25 12:00:13 INFO  GuestsServiceImpl:47 - Посетителю с id: 439201 добавлена услуга с id: 155483 
2024-02-25 12:00:45 INFO  GuestsServiceImpl:47 - Посетителю с id: 359528 добавлена услуга с id: 187245 
2024-02-26 10:15:21 INFO  RoomsServiceImpl:53 - Добавлена комната, номер: 1, количество звезд: 2, цена: 4500,00, вместимость: 3, статус: EMPTY
2024-02-26 10:15:59 INFO  RoomsServiceImpl:53 - Добавлена комната, номер: 3, количество звезд: 2, цена: 2000,00, вместимость: 2, статус: OCCUPIED
2024-02-26 10:17:57 INFO  RoomsServiceImpl:53 - Добавлена комната, номер: 1, количество звезд: 3, цена: 3,00, вместимость: 2, статус: EMPTY
2024-02-26 10:18:23 INFO  ImportRoomsActionImpl:18 - Комнаты успешно импортированы!
2024-02-26 10:19:50 INFO  ImportRoomsActionImpl:18 - Комнаты успешно импортированы!
2024-02-26 10:42:13 INFO  ImportRoomsActionImpl:18 - Комнаты успешно импортированы!
2024-02-26 10:42:51 INFO  RoomsServiceImpl:54 - Добавлена комната, номер: 1, количество звезд: 1, цена: 1,00, вместимость: 1, статус: EMPTY
2024-02-26 15:43:23 INFO  RoomsServiceImpl:51 - Добавлена комната, номер: 15, количество звезд: 4, цена: 4000,00, вместимость: 3, статус: EMPTY
2024-02-26 15:45:38 INFO  ImportRoomsActionImpl:18 - Комнаты успешно импортированы!
2024-02-26 15:45:51 INFO  RoomsServiceImpl:65 - Стоимость номера с id 3, изменена на: 7000,00
2024-02-26 21:03:56 INFO  ImportRoomsActionImpl:18 - Комнаты успешно импортированы!
2024-02-26 21:04:12 INFO  RoomsServiceImpl:62 - Стоимость номера с id 2, изменена на: 7777,00
2024-02-26 21:04:39 INFO  RoomsServiceImpl:78 - Статус номера с id 2, изменена на: SERVICE
2024-02-26 21:06:11 INFO  ImportRoomsActionImpl:18 - Комнаты успешно импортированы!
2024-02-26 21:06:36 INFO  RoomsServiceImpl:78 - Статус номера с id 2, изменена на: OCCUPIED
2024-02-26 21:21:52 INFO  RoomsServiceImpl:94 - Номера не экспортированы!
2024-02-26 21:34:19 INFO  RoomsServiceImpl:110 - Номера успешно импортированы!
2024-02-26 21:51:41 INFO  RoomsServiceImpl:110 - Номера успешно импортированы!
2024-02-26 21:54:27 INFO  RoomsServiceImpl:110 - Номера успешно импортированы!
